TN:
SF:/home/madhushankap/Documents/ReactStuff/nodejsserver/app.js
FN:31,(anonymous_0)
FN:35,(anonymous_1)
FNF:2
FNH:2
FNDA:1,(anonymous_0)
FNDA:1,(anonymous_1)
DA:1,5
DA:2,5
DA:3,5
DA:4,5
DA:5,5
DA:7,5
DA:8,5
DA:9,5
DA:10,5
DA:11,5
DA:13,5
DA:14,5
DA:21,5
DA:22,5
DA:25,5
DA:26,5
DA:27,5
DA:28,5
DA:29,5
DA:31,5
DA:32,1
DA:35,5
DA:36,1
DA:39,5
LF:24
LH:24
BRF:0
BRH:0
end_of_record
TN:
SF:/home/madhushankap/Documents/ReactStuff/nodejsserver/src/auth/config.js
FNF:0
FNH:0
DA:1,5
LF:1
LH:1
BRF:0
BRH:0
end_of_record
TN:
SF:/home/madhushankap/Documents/ReactStuff/nodejsserver/src/auth/verifytoken.js
FN:5,ValidateToken
FN:10,(anonymous_1)
FN:14,(anonymous_2)
FN:18,(anonymous_3)
FNF:4
FNH:4
FNDA:83,ValidateToken
FNDA:65,(anonymous_1)
FNDA:49,(anonymous_2)
FNDA:1,(anonymous_3)
DA:1,5
DA:2,5
DA:3,5
DA:6,83
DA:7,83
DA:8,18
DA:10,65
DA:11,65
DA:12,15
DA:14,50
DA:15,49
DA:16,49
DA:17,49
DA:19,1
DA:26,5
LF:15
LH:15
BRDA:7,0,0,18
BRDA:7,0,1,65
BRDA:11,1,0,15
BRDA:11,1,1,50
BRF:4
BRH:4
end_of_record
TN:
SF:/home/madhushankap/Documents/ReactStuff/nodejsserver/src/database/database.js
FN:7,(anonymous_0)
FN:11,(anonymous_1)
FN:14,(anonymous_2)
FN:15,(anonymous_3)
FNF:4
FNH:3
FNDA:5,(anonymous_0)
FNDA:5,(anonymous_1)
FNDA:4,(anonymous_2)
FNDA:0,(anonymous_3)
DA:1,5
DA:2,5
DA:3,5
DA:4,5
DA:8,5
DA:12,5
DA:13,5
DA:23,5
LF:8
LH:8
BRF:0
BRH:0
end_of_record
TN:
SF:/home/madhushankap/Documents/ReactStuff/nodejsserver/src/database/models/item.model.js
FNF:0
FNH:0
DA:1,5
DA:2,5
DA:4,5
LF:3
LH:3
BRF:0
BRH:0
end_of_record
TN:
SF:/home/madhushankap/Documents/ReactStuff/nodejsserver/src/database/models/order.model.js
FNF:0
FNH:0
DA:1,5
DA:2,5
DA:4,5
LF:3
LH:3
BRF:0
BRH:0
end_of_record
TN:
SF:/home/madhushankap/Documents/ReactStuff/nodejsserver/src/database/models/user.model.js
FNF:0
FNH:0
DA:1,5
DA:3,5
DA:19,5
LF:3
LH:3
BRF:0
BRH:0
end_of_record
TN:
SF:/home/madhushankap/Documents/ReactStuff/nodejsserver/src/database/models/schemas/item.schema.js
FNF:0
FNH:0
DA:1,5
DA:3,5
DA:14,5
LF:3
LH:3
BRF:0
BRH:0
end_of_record
TN:
SF:/home/madhushankap/Documents/ReactStuff/nodejsserver/src/database/models/schemas/order.schema.js
FNF:0
FNH:0
DA:1,5
DA:2,5
DA:4,5
DA:9,5
LF:4
LH:4
BRF:0
BRH:0
end_of_record
TN:
SF:/home/madhushankap/Documents/ReactStuff/nodejsserver/src/routes/admin.routes.js
FN:7,(anonymous_0)
FN:12,(anonymous_1)
FN:14,(anonymous_2)
FN:24,(anonymous_3)
FN:30,(anonymous_4)
FN:36,(anonymous_5)
FN:42,(anonymous_6)
FN:45,(anonymous_7)
FN:51,(anonymous_8)
FN:56,(anonymous_9)
FN:58,(anonymous_10)
FN:64,(anonymous_11)
FN:69,(anonymous_12)
FN:71,(anonymous_13)
FNF:14
FNH:14
FNDA:7,(anonymous_0)
FNDA:1,(anonymous_1)
FNDA:5,(anonymous_2)
FNDA:2,(anonymous_3)
FNDA:1,(anonymous_4)
FNDA:3,(anonymous_5)
FNDA:1,(anonymous_6)
FNDA:1,(anonymous_7)
FNDA:3,(anonymous_8)
FNDA:1,(anonymous_9)
FNDA:1,(anonymous_10)
FNDA:3,(anonymous_11)
FNDA:1,(anonymous_12)
FNDA:1,(anonymous_13)
DA:1,5
DA:2,5
DA:3,5
DA:4,5
DA:7,5
DA:8,7
DA:9,1
DA:11,6
DA:12,6
DA:13,1
DA:15,5
DA:16,1
DA:18,4
DA:24,5
DA:25,2
DA:26,1
DA:28,1
DA:31,1
DA:36,5
DA:37,3
DA:38,1
DA:40,2
DA:43,1
DA:46,1
DA:51,5
DA:52,3
DA:53,1
DA:55,2
DA:57,1
DA:59,1
DA:64,5
DA:65,3
DA:66,1
DA:68,2
DA:70,1
DA:72,1
DA:76,5
LF:37
LH:37
BRDA:8,0,0,1
BRDA:8,0,1,6
BRDA:15,1,0,1
BRDA:15,1,1,4
BRDA:15,2,0,5
BRDA:15,2,1,1
BRDA:25,3,0,1
BRDA:25,3,1,1
BRDA:37,4,0,1
BRDA:37,4,1,2
BRDA:52,5,0,1
BRDA:52,5,1,2
BRDA:65,6,0,1
BRDA:65,6,1,2
BRF:14
BRH:14
end_of_record
TN:
SF:/home/madhushankap/Documents/ReactStuff/nodejsserver/src/routes/items.routes.js
FN:10,(anonymous_0)
FN:11,(anonymous_1)
FN:13,(anonymous_2)
FN:23,(anonymous_3)
FN:25,(anonymous_4)
FN:27,(anonymous_5)
FN:36,(anonymous_6)
FN:39,(anonymous_7)
FN:42,(anonymous_8)
FN:51,(anonymous_9)
FN:53,(anonymous_10)
FN:55,(anonymous_11)
FNF:12
FNH:11
FNDA:2,(anonymous_0)
FNDA:2,(anonymous_1)
FNDA:0,(anonymous_2)
FNDA:2,(anonymous_3)
FNDA:1,(anonymous_4)
FNDA:1,(anonymous_5)
FNDA:2,(anonymous_6)
FNDA:1,(anonymous_7)
FNDA:1,(anonymous_8)
FNDA:2,(anonymous_9)
FNDA:1,(anonymous_10)
FNDA:1,(anonymous_11)
DA:1,5
DA:2,5
DA:3,5
DA:4,5
DA:10,5
DA:11,2
DA:12,2
DA:23,5
DA:24,2
DA:25,2
DA:26,1
DA:28,1
DA:36,5
DA:37,2
DA:40,1
DA:43,1
DA:51,5
DA:52,2
DA:54,1
DA:56,1
DA:60,5
LF:21
LH:21
BRF:0
BRH:0
end_of_record
TN:
SF:/home/madhushankap/Documents/ReactStuff/nodejsserver/src/routes/order.routes.js
FN:11,(anonymous_0)
FN:13,(anonymous_1)
FN:16,(anonymous_2)
FN:25,(anonymous_3)
FN:30,(anonymous_4)
FN:39,(anonymous_5)
FN:42,(anonymous_6)
FN:49,(anonymous_7)
FN:51,(anonymous_8)
FN:54,(anonymous_9)
FN:64,(anonymous_10)
FN:70,(anonymous_11)
FN:71,(anonymous_12)
FN:75,(anonymous_13)
FN:84,(anonymous_14)
FN:84,(anonymous_15)
FN:87,(anonymous_16)
FN:95,(anonymous_17)
FN:95,(anonymous_18)
FN:96,(anonymous_19)
FN:111,(anonymous_20)
FN:113,(anonymous_21)
FN:116,(anonymous_22)
FN:119,(anonymous_23)
FN:128,(anonymous_24)
FN:131,(anonymous_25)
FN:134,(anonymous_26)
FN:143,(anonymous_27)
FN:145,(anonymous_28)
FN:149,(anonymous_29)
FN:152,(anonymous_30)
FN:158,(anonymous_31)
FN:167,(anonymous_32)
FN:169,(anonymous_33)
FN:174,(anonymous_34)
FN:176,(anonymous_35)
FN:179,(anonymous_36)
FN:188,(anonymous_37)
FN:190,(anonymous_38)
FN:192,(anonymous_39)
FNF:40
FNH:40
FNDA:2,(anonymous_0)
FNDA:2,(anonymous_1)
FNDA:1,(anonymous_2)
FNDA:1,(anonymous_3)
FNDA:1,(anonymous_4)
FNDA:4,(anonymous_5)
FNDA:3,(anonymous_6)
FNDA:1,(anonymous_7)
FNDA:1,(anonymous_8)
FNDA:2,(anonymous_9)
FNDA:4,(anonymous_10)
FNDA:9,(anonymous_11)
FNDA:9,(anonymous_12)
FNDA:9,(anonymous_13)
FNDA:5,(anonymous_14)
FNDA:3,(anonymous_15)
FNDA:1,(anonymous_16)
FNDA:9,(anonymous_17)
FNDA:4,(anonymous_18)
FNDA:3,(anonymous_19)
FNDA:2,(anonymous_20)
FNDA:1,(anonymous_21)
FNDA:1,(anonymous_22)
FNDA:1,(anonymous_23)
FNDA:2,(anonymous_24)
FNDA:1,(anonymous_25)
FNDA:1,(anonymous_26)
FNDA:3,(anonymous_27)
FNDA:2,(anonymous_28)
FNDA:2,(anonymous_29)
FNDA:2,(anonymous_30)
FNDA:2,(anonymous_31)
FNDA:3,(anonymous_32)
FNDA:2,(anonymous_33)
FNDA:1,(anonymous_34)
FNDA:1,(anonymous_35)
FNDA:1,(anonymous_36)
FNDA:2,(anonymous_37)
FNDA:1,(anonymous_38)
FNDA:1,(anonymous_39)
DA:1,5
DA:2,5
DA:3,5
DA:4,5
DA:5,5
DA:11,5
DA:13,2
DA:14,2
DA:15,1
DA:17,1
DA:25,5
DA:26,1
DA:30,1
DA:31,1
DA:39,5
DA:41,4
DA:44,3
DA:46,3
DA:48,2
DA:50,1
DA:52,1
DA:56,2
DA:64,5
DA:66,4
DA:67,1
DA:69,3
DA:70,3
DA:71,9
DA:72,9
DA:77,9
DA:79,9
DA:81,8
DA:84,5
DA:85,3
DA:88,1
DA:92,3
DA:94,3
DA:95,9
DA:97,3
DA:98,2
DA:101,1
DA:111,5
DA:112,2
DA:114,1
DA:117,1
DA:120,1
DA:128,5
DA:129,2
DA:132,1
DA:135,1
DA:143,5
DA:144,3
DA:146,2
DA:148,2
DA:149,1
DA:150,2
DA:153,2
DA:156,1
DA:159,2
DA:167,5
DA:168,3
DA:170,2
DA:175,1
DA:177,1
DA:180,1
DA:188,5
DA:189,2
DA:191,1
DA:193,1
DA:197,5
LF:70
LH:70
BRDA:14,0,0,1
BRDA:14,0,1,1
BRDA:66,1,0,1
BRDA:66,1,1,3
BRDA:66,2,0,4
BRDA:66,2,1,3
BRDA:97,3,0,2
BRDA:97,3,1,1
BRDA:148,4,0,1
BRDA:148,4,1,1
BRF:10
BRH:10
end_of_record
TN:
SF:/home/madhushankap/Documents/ReactStuff/nodejsserver/src/routes/test.routes.js
FN:4,(anonymous_0)
FNF:1
FNH:1
FNDA:1,(anonymous_0)
DA:1,5
DA:2,5
DA:4,5
DA:5,1
DA:8,5
LF:5
LH:5
BRF:0
BRH:0
end_of_record
TN:
SF:/home/madhushankap/Documents/ReactStuff/nodejsserver/src/routes/user.routes.js
FN:13,(anonymous_0)
FN:21,(anonymous_1)
FN:23,(anonymous_2)
FN:35,(anonymous_3)
FN:37,(anonymous_4)
FNF:5
FNH:5
FNDA:5,(anonymous_0)
FNDA:1,(anonymous_1)
FNDA:1,(anonymous_2)
FNDA:5,(anonymous_3)
FNDA:3,(anonymous_4)
DA:1,5
DA:2,5
DA:3,5
DA:4,5
DA:5,5
DA:7,5
DA:13,5
DA:14,5
DA:15,2
DA:16,2
DA:21,2
DA:22,1
DA:24,1
DA:27,3
DA:35,5
DA:36,5
DA:37,3
DA:38,3
DA:39,1
DA:41,2
DA:42,1
DA:44,1
DA:47,1
DA:53,2
DA:57,5
LF:25
LH:25
BRDA:14,0,0,2
BRDA:14,0,1,3
BRDA:14,1,0,5
BRDA:14,1,1,3
BRDA:36,2,0,3
BRDA:36,2,1,2
BRDA:36,3,0,5
BRDA:36,3,1,4
BRDA:38,4,0,1
BRDA:38,4,1,2
BRDA:41,5,0,1
BRDA:41,5,1,1
BRF:12
BRH:12
end_of_record
